../src/kernel/main.dasm (line 7):   [0x0000] 7C20 0004       JSR lib_STDIO_init
../src/kernel/main.dasm (line 8):   [0x0002] 7C20 0251       JSR fn_init_MM
../src/kernel/main.dasm (line 9):   [0x0004] 7C20 023A       JSR multitasker_Init
lib_stdio.dasm          (line 24):  [0x0006]               :lib_STDIO_init
lib_stdio.dasm          (line 25):  [0x0006] 1E00            HWN J
lib_stdio.dasm          (line 26):  [0x0007]               :lib_STDIO_initLoop
lib_stdio.dasm          (line 28):  [0x0007] 1E20            HWQ J
lib_stdio.dasm          (line 29):  [0x0008] 7C32 30CF       IFE B, 0x30CF
lib_stdio.dasm          (line 30):  [0x000A] 7C12 7406       IFE A, 0x7406
lib_stdio.dasm          (line 31):  [0x000C] 7C20 001F       JSR lib_STDIO_initKeyboard
lib_stdio.dasm          (line 32):  [0x000E] 7C32 7349       IFE B, 0x7349
lib_stdio.dasm          (line 33):  [0x0010] 7C12 F615       IFE A, 0xF615
lib_stdio.dasm          (line 34):  [0x0012] 7C20 0018       JSR lib_STDIO_initScreen
lib_stdio.dasm          (line 35):  [0x0014] 7C32 BF3C       IFE B, 0xBF3C
lib_stdio.dasm          (line 36):  [0x0016] 7C12 42BA       IFE A, 0x42BA
lib_stdio.dasm          (line 37):  [0x0018] 7C20 0022       JSR lib_STDIO_initProjector
lib_stdio.dasm          (line 38):  [0x001A] 88E3            SUB J, 1
lib_stdio.dasm          (line 39):  [0x001B] 80F5            IFA J, -1
lib_stdio.dasm          (line 40):  [0x001C] 9B81            SET PC, lib_STDIO_initLoop
lib_stdio.dasm          (line 41):  [0x001D] 7F81 0025       SET PC, lib_STDIO_initLoopEnd
lib_stdio.dasm          (line 42):  [0x001F]               :lib_STDIO_initScreen
lib_stdio.dasm          (line 44):  [0x001F] 1FC1 00E0       SET [lib_STDIO_monitorID], J
lib_stdio.dasm          (line 45):  [0x0021] 8401            SET A, 0
lib_stdio.dasm          (line 46):  [0x0022] 7C21 8000       SET B, 0x8000
lib_stdio.dasm          (line 47):  [0x0024] 1E40            HWI J
lib_stdio.dasm          (line 48):  [0x0025] 6381            SET PC, POP
lib_stdio.dasm          (line 49):  [0x0026]               :lib_STDIO_initKeyboard
lib_stdio.dasm          (line 51):  [0x0026] 1FC1 00DC       SET [lib_STDIO_KeyboardID], J
lib_stdio.dasm          (line 52):  [0x0028] 6381            SET PC, POP
lib_stdio.dasm          (line 53):  [0x0029]               :lib_STDIO_initProjector
lib_stdio.dasm          (line 55):  [0x0029] 1FC1 00E1       SET [lib_STDIO_ProjectorID], J
lib_stdio.dasm          (line 56):  [0x002B] 6381            SET PC, POP
lib_stdio.dasm          (line 57):  [0x002C]               :lib_STDIO_initLoopEnd
lib_stdio.dasm          (line 59):  [0x002C] 7FC1 8000 00DD  SET [lib_STDIO_MonitorPos], 0x8000
lib_stdio.dasm          (line 60):  [0x002F] 7BC1 00DD 00DF  SET [lib_STDIO_MonitorStart], [lib_STDIO_MonitorPos]
lib_stdio.dasm          (line 61):  [0x0032] 7BC1 00DD 00DE  SET [lib_STDIO_MonitorEnd], [lib_STDIO_MonitorPos]
lib_stdio.dasm          (line 62):  [0x0035] 7FC2 0182 00DE  ADD [lib_STDIO_MonitorEnd], 386
lib_stdio.dasm          (line 63):  [0x0038] 6381            SET PC, POP
lib_stdio.dasm          (line 72):  [0x0039]               :lib_STDIO_getChar
lib_stdio.dasm          (line 78):  [0x0039] 0041            SET C, A
lib_stdio.dasm          (line 79):  [0x003A] 0401            SET A, B
lib_stdio.dasm          (line 80):  [0x003B] ERROR: Illegal expression.
lib_stdio.dasm          (line 80):  [0x003B] 0000            JSR mem_alloc
lib_stdio.dasm          (line 81):  [0x003D] 8412            IFE A, 0
lib_stdio.dasm          (line 82):  [0x003E] 6381            SET PC, POP
lib_stdio.dasm          (line 83):  [0x003F] 1701            SET PUSH, Z
lib_stdio.dasm          (line 84):  [0x0040] 1301            SET PUSH, Y
lib_stdio.dasm          (line 85):  [0x0041] 0F01            SET PUSH, X
lib_stdio.dasm          (line 86):  [0x0042] 1B01            SET PUSH, I
lib_stdio.dasm          (line 87):  [0x0043] 0861            SET X, C
lib_stdio.dasm          (line 88):  [0x0044] 00A1            SET Z, A
lib_stdio.dasm          (line 89):  [0x0045] 0081            SET Y, A
lib_stdio.dasm          (line 90):  [0x0046] 84C1            SET I, 0
lib_stdio.dasm          (line 91):  [0x0047]               :lib_STDIO_getCharLoop
lib_stdio.dasm          (line 92):  [0x0047] 8801            SET A, 1
lib_stdio.dasm          (line 93):  [0x0048] 7A40 00DC       HWI [lib_STDIO_KeyboardID]
lib_stdio.dasm          (line 94):  [0x004A] 8452            IFE C, 0
lib_stdio.dasm          (line 95):  [0x004B] 8473            IFN X, 0
lib_stdio.dasm          (line 96):  [0x004C] 7F81 0036       SET PC, lib_STDIO_getCharLoop
lib_stdio.dasm          (line 97):  [0x004E] C452            IFE C, 0x0010
lib_stdio.dasm          (line 98):  [0x004F] 1496            IFL Y, Z
lib_stdio.dasm          (line 99):  [0x0050] 88A3            SUB Z, 0x0001
lib_stdio.dasm          (line 100): [0x0051] 09A1            SET [Z], C
lib_stdio.dasm          (line 101): [0x0052] 88A2            ADD Z, 0x0001
lib_stdio.dasm          (line 102): [0x0053] 8452            IFE C, 0
lib_stdio.dasm          (line 103): [0x0054] 7F81 0046       SET PC, lib_STDIO_getCharLoopEnd
lib_stdio.dasm          (line 104): [0x0056] 88C2            ADD I, 1
lib_stdio.dasm          (line 105): [0x0057] 04D3            IFN I, B
lib_stdio.dasm          (line 106): [0x0058] 7F81 0036       SET PC, lib_STDIO_getCharLoop
lib_stdio.dasm          (line 107): [0x005A]               :lib_STDIO_getCharLoopEnd
lib_stdio.dasm          (line 108): [0x005A] 60C1            SET I, POP
lib_stdio.dasm          (line 109): [0x005B] 6061            SET X, POP
lib_stdio.dasm          (line 110): [0x005C] 1001            SET A, Y
lib_stdio.dasm          (line 111): [0x005D] 6081            SET Y, POP
lib_stdio.dasm          (line 112): [0x005E] 60A1            SET Z, POP
lib_stdio.dasm          (line 113): [0x005F] 6381            SET PC, POP
lib_stdio.dasm          (line 121): [0x0060]               :lib_STDIO_print
lib_stdio.dasm          (line 122): [0x0060] 1B01            SET PUSH, I
lib_stdio.dasm          (line 123): [0x0061] 0022            ADD B, A
lib_stdio.dasm          (line 124): [0x0062]               :lib_STDIO_printLoop
lib_stdio.dasm          (line 125): [0x0062] C512            IFE [A], 0x0010
lib_stdio.dasm          (line 126): [0x0063] 7F81 0054       SET PC, lib_STDIO_printLoopBack
lib_stdio.dasm          (line 127): [0x0065] C912            IFE [A], 0x0011
lib_stdio.dasm          (line 128): [0x0066] 7C20 0086       JSR lib_STDIO_enter
lib_stdio.dasm          (line 129): [0x0068] C912            IFE [A], 0x0011
lib_stdio.dasm          (line 130): [0x0069] 7F81 005F       SET PC, lib_STDIO_printLoopCont
lib_stdio.dasm          (line 131): [0x006B] 7F81 005A       SET PC, lib_STDIO_printLoopPrint
lib_stdio.dasm          (line 132): [0x006D]               :lib_STDIO_printLoopBack
lib_stdio.dasm          (line 133): [0x006D] 8BC3 00DD       SUB [lib_STDIO_MonitorPos], 1
lib_stdio.dasm          (line 134): [0x006F] 78C1 00DD       SET I, [lib_STDIO_MonitorPos]
lib_stdio.dasm          (line 135): [0x0071] 85C1            SET [I], 0
lib_stdio.dasm          (line 136): [0x0072] 7F81 005F       SET PC, lib_STDIO_printLoopCont
lib_stdio.dasm          (line 137): [0x0074]               :lib_STDIO_printLoopPrint
lib_stdio.dasm          (line 138): [0x0074] 090B            BOR [A], C
lib_stdio.dasm          (line 139): [0x0075] 78C1 00DD       SET I, [lib_STDIO_MonitorPos]
lib_stdio.dasm          (line 140): [0x0077] 21C1            SET [I], [A]
lib_stdio.dasm          (line 141): [0x0078] 8BC2 00DD       ADD [lib_STDIO_MonitorPos], 1
lib_stdio.dasm          (line 142): [0x007A]               :lib_STDIO_printLoopCont
lib_stdio.dasm          (line 143): [0x007A] 7BD2 00DE 00DD  IFE [lib_STDIO_MonitorPos], [lib_STDIO_MonitorEnd]
lib_stdio.dasm          (line 144): [0x007D] 7C20 006A       JSR lib_STDIO_scroll
lib_stdio.dasm          (line 145): [0x007F] 8802            ADD A, 1
lib_stdio.dasm          (line 146): [0x0080] 0413            IFN A, B
lib_stdio.dasm          (line 147): [0x0081] 7F81 004C       SET PC, lib_STDIO_printLoop
lib_stdio.dasm          (line 148): [0x0083]               :lib_STDIO_printEnd
lib_stdio.dasm          (line 149): [0x0083] 60C1            SET I, POP
lib_stdio.dasm          (line 150): [0x0084] 6381            SET PC, POP
lib_stdio.dasm          (line 155): [0x0085]               :lib_STDIO_scroll
lib_stdio.dasm          (line 159): [0x0085] 0F01            SET PUSH, X
lib_stdio.dasm          (line 160): [0x0086] 1301            SET PUSH, Y
lib_stdio.dasm          (line 161): [0x0087] 0301            SET PUSH, A
lib_stdio.dasm          (line 162): [0x0088] 7861 00DF       SET X, [lib_STDIO_MonitorStart]
lib_stdio.dasm          (line 163): [0x008A] 7C81 0020       SET Y, 0x20
lib_stdio.dasm          (line 164): [0x008C] 0C82            ADD Y, X
lib_stdio.dasm          (line 165): [0x008D]               :lib_STDIO_scrollLoopOne
lib_stdio.dasm          (line 166): [0x008D] 3161            SET [X], [Y]
lib_stdio.dasm          (line 167): [0x008E] 8862            ADD X, 1
lib_stdio.dasm          (line 168): [0x008F] 8882            ADD Y, 1
lib_stdio.dasm          (line 169): [0x0090] 7894 00DE       IFG Y, [lib_STDIO_MonitorEnd]
lib_stdio.dasm          (line 170): [0x0092] 7F81 0078       SET PC, lib_STDIO_scrollLoopTwo
lib_stdio.dasm          (line 171): [0x0094] 7F81 0070       SET PC, lib_STDIO_scrollLoopOne
lib_stdio.dasm          (line 172): [0x0096]               :lib_STDIO_scrollLoopTwo
lib_stdio.dasm          (line 173): [0x0096] 8401            SET A, 0
lib_stdio.dasm          (line 174): [0x0097] 0161            SET [X], A
lib_stdio.dasm          (line 175): [0x0098] 8862            ADD X, 1
lib_stdio.dasm          (line 176): [0x0099] 7874 00DE       IFG X, [lib_STDIO_MonitorEnd]
lib_stdio.dasm          (line 177): [0x009B] 7F81 0080       SET PC, lib_STDIO_scrollEnd
lib_stdio.dasm          (line 178): [0x009D] 7F81 0078       SET PC, lib_STDIO_scrollLoopTwo
lib_stdio.dasm          (line 179): [0x009F]               :lib_STDIO_scrollEnd
lib_stdio.dasm          (line 180): [0x009F] 7FC3 0020 00DD  SUB [lib_STDIO_MonitorPos], 0x20
lib_stdio.dasm          (line 181): [0x00A2] 6001            SET A, POP
lib_stdio.dasm          (line 182): [0x00A3] 6081            SET Y, POP
lib_stdio.dasm          (line 183): [0x00A4] 6061            SET X, POP
lib_stdio.dasm          (line 184): [0x00A5] 6381            SET PC, POP
lib_stdio.dasm          (line 189): [0x00A6]               :lib_STDIO_enter
lib_stdio.dasm          (line 190): [0x00A6] 1F01            SET PUSH, J
lib_stdio.dasm          (line 191): [0x00A7] 0301            SET PUSH, A
lib_stdio.dasm          (line 192): [0x00A8] 7801 00DD       SET A, [lib_STDIO_MonitorPos]
lib_stdio.dasm          (line 193): [0x00AA] 00E1            SET J, A
lib_stdio.dasm          (line 194): [0x00AB] 7CE8 0020       MOD J, 0x0020
lib_stdio.dasm          (line 195): [0x00AD] 1C03            SUB A, J
lib_stdio.dasm          (line 196): [0x00AE] 7C02 0020       ADD A, 0x0020
lib_stdio.dasm          (line 197): [0x00B0] 7814 00DE       IFG A, [lib_STDIO_MonitorEnd]
lib_stdio.dasm          (line 198): [0x00B2] 7801 00DF       SET A, [lib_STDIO_MonitorStart]
lib_stdio.dasm          (line 199): [0x00B4] 03C1 00DD       SET [lib_STDIO_MonitorPos], A
lib_stdio.dasm          (line 200): [0x00B6] 7814 00DE       IFG A, [lib_STDIO_MonitorEnd]
lib_stdio.dasm          (line 201): [0x00B8] 7C20 006A       JSR lib_STDIO_scroll
lib_stdio.dasm          (line 202): [0x00BA] 6001            SET A, POP
lib_stdio.dasm          (line 203): [0x00BB] 60E1            SET J, POP
lib_stdio.dasm          (line 204): [0x00BC] 6381            SET PC, POP
lib_stdio.dasm          (line 215): [0x00BD]               :lib_STDIO_SPED3_PUSH
lib_stdio.dasm          (line 216): [0x00BD] 0301            SET PUSH, A
lib_stdio.dasm          (line 217): [0x00BE] 8401            SET A, 0
lib_stdio.dasm          (line 218): [0x00BF] 7C20 0096       JSR lib_STDIO_SPED3_PUT
lib_stdio.dasm          (line 219): [0x00C1] 6001            SET A, POP
lib_stdio.dasm          (line 220): [0x00C2] 7841 00E2       SET C, [lib_STDIO_Projector_StackPos]
lib_stdio.dasm          (line 221): [0x00C4] 7C43 00E3       SUB C, lib_STDIO_Projector_Stack
lib_stdio.dasm          (line 222): [0x00C6] 8C43            SUB C, 2
lib_stdio.dasm          (line 223): [0x00C7] 8C46            DIV C, 2
lib_stdio.dasm          (line 224): [0x00C8] 6381            SET PC, POP
lib_stdio.dasm          (line 235): [0x00C9]               :lib_STDIO_SPED3_PUT
lib_stdio.dasm          (line 236): [0x00C9] 0701            SET PUSH, B
lib_stdio.dasm          (line 237): [0x00CA] 8421            SET B, 0
lib_stdio.dasm          (line 238): [0x00CB] 8412            IFE A, 0
lib_stdio.dasm          (line 239): [0x00CC] 9B82            ADD PC, 5
lib_stdio.dasm          (line 240): [0x00CD] 8C04            MUL A, 2
lib_stdio.dasm          (line 241): [0x00CE] 8C02            ADD A, 2
lib_stdio.dasm          (line 242): [0x00CF] 7C42 00E3       ADD C, lib_STDIO_Projector_Stack
lib_stdio.dasm          (line 243): [0x00D1] 9782            ADD PC, 4
lib_stdio.dasm          (line 246): [0x00D2] 7801 00E2       SET A, [lib_STDIO_Projector_StackPos]
lib_stdio.dasm          (line 247): [0x00D4] 8C03            SUB A, 2
lib_stdio.dasm          (line 248): [0x00D5] 8821            SET B, 1
lib_stdio.dasm          (line 251): [0x00D6] 1301            SET PUSH, Y
lib_stdio.dasm          (line 252): [0x00D7] A48F            SHL Y, 8
lib_stdio.dasm          (line 253): [0x00D8] 0C82            ADD Y, X
lib_stdio.dasm          (line 254): [0x00D9] 1101            SET [A], Y
lib_stdio.dasm          (line 255): [0x00DA] 8432            IFE B, 0
lib_stdio.dasm          (line 256): [0x00DB] 9382            ADD PC, 3
lib_stdio.dasm          (line 257): [0x00DC] 8BC2 00E2       ADD [lib_STDIO_Projector_StackPos], 1
lib_stdio.dasm          (line 258): [0x00DE] 8B82            ADD PC, 1
lib_stdio.dasm          (line 260): [0x00DF] 8802            ADD A, 1
lib_stdio.dasm          (line 262): [0x00E0] 6081            SET Y, POP
lib_stdio.dasm          (line 263): [0x00E1] A44F            SHL C, 8
lib_stdio.dasm          (line 264): [0x00E2] 1442            ADD C, Z
lib_stdio.dasm          (line 265): [0x00E3] 0901            SET [A], C
lib_stdio.dasm          (line 266): [0x00E4] 8432            IFE B, 0
lib_stdio.dasm          (line 267): [0x00E5] 9382            ADD PC, 3
lib_stdio.dasm          (line 268): [0x00E6] 8BC2 00E2       ADD [lib_STDIO_Projector_StackPos], 1
lib_stdio.dasm          (line 269): [0x00E8] 8B82            ADD PC, 1
lib_stdio.dasm          (line 271): [0x00E9] 8802            ADD A, 1
lib_stdio.dasm          (line 273): [0x00EA] 6021            SET B, POP
lib_stdio.dasm          (line 274): [0x00EB] 0F01            SET PUSH, X
lib_stdio.dasm          (line 275): [0x00EC] 1301            SET PUSH, Y
lib_stdio.dasm          (line 276): [0x00ED] 7C61 00E3       SET X, lib_STDIO_Projector_Stack
lib_stdio.dasm          (line 277): [0x00EF] 7881 00E2       SET Y, [lib_STDIO_Projector_StackPos]
lib_stdio.dasm          (line 278): [0x00F1] 7C83 00E3       SUB Y, lib_STDIO_Projector_Stack
lib_stdio.dasm          (line 279): [0x00F3] 8C83            SUB Y, 2
lib_stdio.dasm          (line 280): [0x00F4] 8C86            DIV Y, 2
lib_stdio.dasm          (line 281): [0x00F5] 8801            SET A, 1
lib_stdio.dasm          (line 282): [0x00F6] 7A40 00E1       HWI [lib_STDIO_ProjectorID]
lib_stdio.dasm          (line 283): [0x00F8] 6081            SET Y, POP
lib_stdio.dasm          (line 284): [0x00F9] 6061            SET X, POP
lib_stdio.dasm          (line 285): [0x00FA] 6381            SET PC, POP
lib_stdio.dasm          (line 296): [0x00FB]               :lib_STDIO_SPED3_GET
lib_stdio.dasm          (line 297): [0x00FB] 8452            IFE C, 0
lib_stdio.dasm          (line 298): [0x00FC] 9B82            ADD PC, 5
lib_stdio.dasm          (line 299): [0x00FD] 8C44            MUL C, 2
lib_stdio.dasm          (line 300): [0x00FE] 8C42            ADD C, 2
lib_stdio.dasm          (line 301): [0x00FF] 7C42 00E3       ADD C, lib_STDIO_Projector_Stack
lib_stdio.dasm          (line 302): [0x0101] 9382            ADD PC, 3
lib_stdio.dasm          (line 305): [0x0102] 7841 00E2       SET C, [lib_STDIO_Projector_StackPos]
lib_stdio.dasm          (line 306): [0x0104] 8C43            SUB C, 2
lib_stdio.dasm          (line 308): [0x0105] 2861            SET X, [C]
lib_stdio.dasm          (line 309): [0x0106] 7C6B 00FF       BOR X, 0x00FF
lib_stdio.dasm          (line 310): [0x0108] 2881            SET Y, [C]
lib_stdio.dasm          (line 311): [0x0109] A48D            SHR Y, 8
lib_stdio.dasm          (line 312): [0x010A] 8842            ADD C, 1
lib_stdio.dasm          (line 313): [0x010B] 28A1            SET Z, [C]
lib_stdio.dasm          (line 314): [0x010C] 7CAB 00FF       BOR Z, 0x00FF
lib_stdio.dasm          (line 315): [0x010E] 2841            SET C, [C]
lib_stdio.dasm          (line 316): [0x010F] A44D            SHR C, 8
lib_stdio.dasm          (line 317): [0x0110] 6381            SET PC, POP
lib_stdio.dasm          (line 319): [0x0111]               :lib_STDIO_KeyboardID dat 0x0000
lib_stdio.dasm          (line 319): [0x0111]                 .dat 0x0000
lib_stdio.dasm          (line 319): [0x0111]                      0000
lib_stdio.dasm          (line 320): [0x0112]               :lib_STDIO_MonitorPos dat 0x0000
lib_stdio.dasm          (line 320): [0x0112]                 .dat 0x0000
lib_stdio.dasm          (line 320): [0x0112]                      0000
lib_stdio.dasm          (line 321): [0x0113]               :lib_STDIO_MonitorEnd dat 0x0000
lib_stdio.dasm          (line 321): [0x0113]                 .dat 0x0000
lib_stdio.dasm          (line 321): [0x0113]                      0000
lib_stdio.dasm          (line 322): [0x0114]               :lib_STDIO_MonitorStart dat 0x0000
lib_stdio.dasm          (line 322): [0x0114]                 .dat 0x0000
lib_stdio.dasm          (line 322): [0x0114]                      0000
lib_stdio.dasm          (line 323): [0x0115]               :lib_STDIO_MonitorID dat 0x0000
lib_stdio.dasm          (line 323): [0x0115]                 .dat 0x0000
lib_stdio.dasm          (line 323): [0x0115]                      0000
lib_stdio.dasm          (line 324): [0x0116]               :lib_STDIO_ProjectorID dat 0x0000
lib_stdio.dasm          (line 324): [0x0116]                 .dat 0x0000
lib_stdio.dasm          (line 324): [0x0116]                      0000
lib_stdio.dasm          (line 325): [0x0117]               :lib_STDIO_Projector_StackPos dat lib_STDIO_Projector_Stack
lib_stdio.dasm          (line 325): [0x0117]                 .dat lib_STDIO_Projector_Stack
lib_stdio.dasm          (line 325): [0x0117]                      00E3
lib_stdio.dasm          (line 326): [0x0118]               :lib_STDIO_Projector_Stack
lib_stdio.dasm          (line 327): [0x0118] 0000 0000 0000 0000 0000 0000 0000 0000 0000 0000 0000 0000 0000 0000 0000 0000 0000 0000 0000 0000 0000 0000 0000 0000 0000 0000 0000 0000 0000 0000 0000 0000 0000 0000 0000 0000 0000 0000 0000 0000 0000 0000 0000 0000 0000 0000 0000 0000 0000 0000 0000 0000 0000 0000 0000 0000 0000 0000 0000 0000 0000 0000 0000 0000 0000 0000 0000 0000 0000 0000 0000 0000 0000 0000 0000 0000 0000 0000 0000 0000 0000 0000 0000 0000 0000 0000 0000 0000 0000 0000 0000 0000 0000 0000 0000 0000 0000 0000 0000 0000 0000 0000 0000 0000 0000 0000 0000 0000 0000 0000 0000 0000 0000 0000 0000 0000 0000 0000 0000 0000 0000 0000 0000 0000 0000 0000 0000 0000 0000 0000 0000 0000 0000 0000 0000 0000 0000 0000 0000 0000 0000 0000 0000 0000 0000 0000 0000 0000 0000 0000 0000 0000 0000 0000 0000 0000 0000 0000 0000 0000 0000 0000 0000 0000 0000 0000 0000 0000 0000 0000 0000 0000 0000 0000 0000 0000 0000 0000 0000 0000 0000 0000 0000 0000 0000 0000 0000 0000 0000 0000 0000 0000 0000 0000 0000 0000 0000 0000 0000 0000#reserve 200
lib_clock.dasm          (line 10):  [0x021C]               Clock_SetID:
lib_clock.dasm          (line 11):  [0x021C] 03C1 022F       SET [Clock_ID], A
lib_clock.dasm          (line 12):  [0x021E] 6381            SET PC, POP
lib_clock.dasm          (line 15):  [0x021F]               Clock_SetTicksec:
lib_clock.dasm          (line 16):  [0x021F] 0701            SET PUSH, B
lib_clock.dasm          (line 17):  [0x0220] 0021            SET B, A
lib_clock.dasm          (line 18):  [0x0221] 8401            SET A, CLOCK_SETTICK
lib_clock.dasm          (line 19):  [0x0222] 7A40 022F       HWI [Clock_ID]
lib_clock.dasm          (line 20):  [0x0224] 0401            SET A, B
lib_clock.dasm          (line 21):  [0x0225] 6021            SET B, POP
lib_clock.dasm          (line 22):  [0x0226] 6381            SET PC, POP
lib_clock.dasm          (line 25):  [0x0227]               Clock_GetTicksec:
lib_clock.dasm          (line 26):  [0x0227] 0B01            SET PUSH, C
lib_clock.dasm          (line 27):  [0x0228] 8801            SET A, CLOCK_GETTICK
lib_clock.dasm          (line 28):  [0x0229] 7A40 022F       HWI [Clock_ID]
lib_clock.dasm          (line 29):  [0x022B] 0801            SET A, C
lib_clock.dasm          (line 30):  [0x022C] 6041            SET C, POP
lib_clock.dasm          (line 31):  [0x022D] 6381            SET PC, POP
lib_clock.dasm          (line 34):  [0x022E]               Clock_SetIntMsg:
lib_clock.dasm          (line 35):  [0x022E] 0701            SET PUSH, B
lib_clock.dasm          (line 36):  [0x022F] 0021            SET B, A
lib_clock.dasm          (line 37):  [0x0230] 8C01            SET A, CLOCK_TOGLINT
lib_clock.dasm          (line 38):  [0x0231] 7A40 022F       HWI [Clock_ID]
lib_clock.dasm          (line 39):  [0x0232] 0401            SET A, B
lib_clock.dasm          (line 40):  [0x0232] 6021            SET B, POP
lib_clock.dasm          (line 41):  [0x0232] 6381            SET PC, POP
lib_clock.dasm          (line 43):  [0x0233]               Clock_ID:
lib_clock.dasm          (line 44):  [0x0233]                 .DAT 0xFFFF
lib_clock.dasm          (line 44):  [0x0233]                      FFFF
lib_clock.dasm          (line 46):  [0x0233]               #define CLOCK_SETTICK 0
lib_clock.dasm          (line 47):  [0x0233]               #define CLOCK_GETTICK 1
lib_clock.dasm          (line 48):  [0x0233]               #define CLOCK_TOGLINT 2
multitasker.dasm        (line 14):  [0x023A]               :multitasker_Init
multitasker.dasm        (line 15):  [0x023A]               :multitasker_Init_Loop
multitasker.dasm        (line 16):  [0x023A] 1E20            HWQ J
multitasker.dasm        (line 17):  [0x023B] 7C32 12D0       IFE B, 0x12d0
multitasker.dasm        (line 18):  [0x023D] 7C12 B402       IFE A, 0xb402
multitasker.dasm        (line 19):  [0x023E] 7C20 0243       JSR multitasker_Init_Clock
multitasker.dasm        (line 20):  [0x0240] 88E2            ADD J, 1
multitasker.dasm        (line 21):  [0x0241] 7F81 023A       SET PC, multitasker_Init_Loop
multitasker.dasm        (line 23):  [0x0243]               :multitasker_Init_Clock
multitasker.dasm        (line 24):  [0x0243] 1C01            SET A, J
multitasker.dasm        (line 25):  [0x0244] 7C20 021C       JSR Clock_SetID
multitasker.dasm        (line 26):  [0x0246] B401            SET A, 12
multitasker.dasm        (line 27):  [0x0247] 7C20 021F       JSR Clock_SetTicksec
multitasker.dasm        (line 28):  [0x0248] 8801            SET A, 1
multitasker.dasm        (line 29):  [0x0249] 7C20 022B       JSR Clock_SetIntMsg
multitasker.dasm        (line 30):  [0x024B] 7D40 024D       IAS multitasker_Interrupt
multitasker.dasm        (line 34):  [0x024D]               :multitasker_Interrupt
multitasker.dasm        (line 35):  [0x024D] 8813            IFN A, 1
multitasker.dasm        (line 36):  [0x024E] 7D60 0000       RFI 0
multitasker.dasm        (line 37):  [0x0250] 7D40 0000       IAS 0
multitasker.dasm        (line 38):  [0x0251] 7D40 024D       IAS multitasker_Interrupt
multitasker.dasm        (line 39):  [0x0252] 7D60 0000       RFI 0
multitasker.dasm        (line 45):  [0x0252]               :multitasker_Progs_0
multitasker.dasm        (line 46):  [0x0251]               :multitasker_Progs_0A
multitasker.dasm        (line 47):  [0x0251]               :multitasker_Progs_0B
multitasker.dasm        (line 48):  [0x0251]               :multitasker_Progs_0C
multitasker.dasm        (line 49):  [0x0251]               :multitasker_Progs_0I
multitasker.dasm        (line 50):  [0x0251]               :multitasker_Progs_0X
multitasker.dasm        (line 51):  [0x0251]               :multitasker_Progs_0Y
multitasker.dasm        (line 52):  [0x0251]               :multitasker_Progs_0Z
multitasker.dasm        (line 53):  [0x0251]               :multitasker_Progs_0J
multitasker.dasm        (line 54):  [0x0251]               :multitasker_Progs_0Stack
mem_manager.dasm        (line 49):  [0x0251]               #define max_process_num 64
mem_manager.dasm        (line 50):  [0x0251]               #define err_unknown 0x100
mem_manager.dasm        (line 51):  [0x0251]               #define err_no_permission 0x101
mem_manager.dasm        (line 58):  [0x0251]               :fn_init_MM
mem_manager.dasm        (line 59):  [0x0251] 0301            set push, a
mem_manager.dasm        (line 60):  [0x0252] 7C01 0430       set a, free_space_start
mem_manager.dasm        (line 61):  [0x0254] A80D            shr a, 9
mem_manager.dasm        (line 62):  [0x0255] 8802            add a, 1
mem_manager.dasm        (line 63):  [0x0256] 83C1 038C       set [page_header_start + 127], -1
mem_manager.dasm        (line 64):  [0x0258] 7C20 025C       jsr fn_request_memory
mem_manager.dasm        (line 65):  [0x025A] 6001            set a, pop
mem_manager.dasm        (line 66):  [0x025B] 6381            set pc, pop
mem_manager.dasm        (line 70):  [0x025C]               :fn_request_memory
mem_manager.dasm        (line 71):  [0x025C] 0701            set push, b
mem_manager.dasm        (line 72):  [0x025D] 0B01            set push, c
mem_manager.dasm        (line 73):  [0x025E] 7D80 0001       iaq 1
mem_manager.dasm        (line 74):  [0x0260] 7C21 030D       set b, page_header_start
mem_manager.dasm        (line 75):  [0x0262] 8441            set c, 0
mem_manager.dasm        (line 76):  [0x0263]               :.loop_a
mem_manager.dasm        (line 77):  [0x0263] 8532            ife [b], 0
mem_manager.dasm        (line 78):  [0x0264] 8842            add c, 1
mem_manager.dasm        (line 79):  [0x0265] 8533            ifn [b], 0
mem_manager.dasm        (line 80):  [0x0266] 8441            set c, 0
mem_manager.dasm        (line 81):  [0x0267] 0052            ife c, a
mem_manager.dasm        (line 82):  [0x0267] 7F81 0270       set pc, .found_space
mem_manager.dasm        (line 83):  [0x0269] 7C32 038C       ife b, page_header_start + 127
mem_manager.dasm        (line 84):  [0x026B] 7F81 0287       set pc, .no_space
mem_manager.dasm        (line 85):  [0x026D] 8822            add b, 1
mem_manager.dasm        (line 86):  [0x026E] 7F81 0263       set pc, .loop_a
mem_manager.dasm        (line 87):  [0x0270]               :.found_space
mem_manager.dasm        (line 88):  [0x0270] 0441            set c, b
mem_manager.dasm        (line 89):  [0x0271] 0043            sub c, a
mem_manager.dasm        (line 90):  [0x0272] 8842            add c, 1
mem_manager.dasm        (line 91):  [0x0272] 8121            set [b], -1
mem_manager.dasm        (line 92):  [0x0273]               :.loop_b
mem_manager.dasm        (line 93):  [0x0272] 0832            ife b, c
mem_manager.dasm        (line 94):  [0x0273] 7F81 027A       set pc, .do_header
mem_manager.dasm        (line 95):  [0x0274] ERROR: Illegal expression.
mem_manager.dasm        (line 95):  [0x0274] 0000 0000       set [b - 1], b
mem_manager.dasm        (line 96):  [0x0275] ERROR: Illegal expression.
mem_manager.dasm        (line 96):  [0x0275] 0000 0000 0000  sub [b - 1], page_header_start
mem_manager.dasm        (line 97):  [0x0278] 8823            sub b, 1
mem_manager.dasm        (line 98):  [0x0278] 7F81 0273       set pc, .loop_b
mem_manager.dasm        (line 99):  [0x027A]               :.do_header
mem_manager.dasm        (line 100): [0x0279] 0401            set a, b
mem_manager.dasm        (line 101): [0x027A] 7C03 030D       sub a, page_header_start
mem_manager.dasm        (line 102): [0x027B] 7821 03CA       set b, [current_process]
mem_manager.dasm        (line 103): [0x027C] 7C22 038B       add b, process_first_pages_start
mem_manager.dasm        (line 104): [0x027E]               :.loop_c
mem_manager.dasm        (line 105): [0x027D] 8132            ife [b], -1
mem_manager.dasm        (line 106): [0x027E] 7F81 0285       set pc, .found_end
mem_manager.dasm        (line 107): [0x0280] 2421            set b, [b]
mem_manager.dasm        (line 108): [0x0281] 7C22 030D       add b, page_header_start
mem_manager.dasm        (line 109): [0x0283] 7F81 027E       set pc, .loop_c
mem_manager.dasm        (line 110): [0x0285]               :.found_end
mem_manager.dasm        (line 111): [0x0285] 0121            set [b], a
mem_manager.dasm        (line 112): [0x0286] 8B82            add pc, 1
mem_manager.dasm        (line 113): [0x0287]               :.no_space
mem_manager.dasm        (line 114): [0x0287] 8001            set a, -1
mem_manager.dasm        (line 115): [0x0288] 7D80 0000       iaq 0
mem_manager.dasm        (line 116): [0x028A] 6041            set c, pop
mem_manager.dasm        (line 117): [0x028B] 6021            set b, pop
mem_manager.dasm        (line 118): [0x028C] 6381            set pc, pop
mem_manager.dasm        (line 120): [0x028D]               :fn_request_page
mem_manager.dasm        (line 121): [0x028D] 7D80 0001       iaq 1
mem_manager.dasm        (line 122): [0x028F] 7C01 030D       set a, page_header_start
mem_manager.dasm        (line 123): [0x0291]               :.loop_a
mem_manager.dasm        (line 124): [0x0291] 8512            ife [a], 0
mem_manager.dasm        (line 125): [0x0292] 7F81 029B       set pc, .found_space
mem_manager.dasm        (line 126): [0x0293] 7C12 038C       ife a, page_header_start + 127
mem_manager.dasm        (line 127): [0x0295] 7F81 0298       set pc, .no_space
mem_manager.dasm        (line 128): [0x0296] 8802            add a, 1
mem_manager.dasm        (line 129): [0x0297] 7F81 0291       set pc, .loop_a
mem_manager.dasm        (line 130): [0x0298]               :.no_space
mem_manager.dasm        (line 131): [0x0298] 8001            set a, -1
mem_manager.dasm        (line 132): [0x0299] 7D80 0000       iaq 0
mem_manager.dasm        (line 133): [0x029B] 6381            set pc, pop
mem_manager.dasm        (line 134): [0x029B]               :.found_space
mem_manager.dasm        (line 135): [0x029B] 0701            set push, b
mem_manager.dasm        (line 136): [0x029B] 8101            set [a], -1
mem_manager.dasm        (line 137): [0x029C] 7C03 030D       sub a, page_header_start
mem_manager.dasm        (line 138): [0x029E] 7821 03CA       set b, [current_process]
mem_manager.dasm        (line 139): [0x02A0] 7C22 038B       add b, process_first_pages_start
mem_manager.dasm        (line 140): [0x02A2]               :.loop_b
mem_manager.dasm        (line 141): [0x02A2] 8132            ife [b], -1
mem_manager.dasm        (line 142): [0x02A2] 7F81 02A8       set pc, .found_end
mem_manager.dasm        (line 143): [0x02A4] 2421            set b, [b]
mem_manager.dasm        (line 144): [0x02A5] 7C22 030D       add b, page_header_start
mem_manager.dasm        (line 145): [0x02A7] 7F81 02A2       set pc, .loop_b
mem_manager.dasm        (line 146): [0x02A8]               :.found_end
mem_manager.dasm        (line 147): [0x02A8] 0121            set [b], a
mem_manager.dasm        (line 148): [0x02A9] 7D80 0000       iaq 0
mem_manager.dasm        (line 149): [0x02AB] 6021            set b, pop
mem_manager.dasm        (line 150): [0x02AC] 6381            set pc, pop
mem_manager.dasm        (line 153): [0x02AD]               :fn_clear_process
mem_manager.dasm        (line 154): [0x02AD] 0701            set push, b
mem_manager.dasm        (line 155): [0x02AE] 7D80 0001       iaq 1
mem_manager.dasm        (line 156): [0x02B0] 4001 038B       set a, [a + process_first_pages_start]
mem_manager.dasm        (line 157): [0x02B2]               :.loop_a
mem_manager.dasm        (line 158): [0x02B2] 7C02 030D       add a, page_header_start
mem_manager.dasm        (line 159): [0x02B4] 8112            ife [a], -1
mem_manager.dasm        (line 160): [0x02B5] 7F81 02BC       set pc, .done
mem_manager.dasm        (line 161): [0x02B7] 2021            set b, [a]
mem_manager.dasm        (line 162): [0x02B8] 8501            set [a], 0
mem_manager.dasm        (line 163): [0x02B9] 0401            set a, b
mem_manager.dasm        (line 164): [0x02BA] 7F81 02B2       set pc, .loop_a
mem_manager.dasm        (line 165): [0x02BC]               :.done
mem_manager.dasm        (line 166): [0x02BC] 8501            set [a], 0
mem_manager.dasm        (line 167): [0x02BD] 7D80 0000       iaq 0
mem_manager.dasm        (line 168): [0x02BE] 6021            set b, pop
mem_manager.dasm        (line 169): [0x02BE] 6381            set pc, pop
mem_manager.dasm        (line 172): [0x02BF]               :fn_free_page
mem_manager.dasm        (line 173): [0x02BF] 0701            set push, b
mem_manager.dasm        (line 174): [0x02BF] 7D80 0001       iaq 1
mem_manager.dasm        (line 175): [0x02C1] 7821 03CA       set b, [current_process]
mem_manager.dasm        (line 176): [0x02C2] 982F            shl b, 5
mem_manager.dasm        (line 177): [0x02C3] 4421 038B       set b, [b + process_first_pages_start]
mem_manager.dasm        (line 178): [0x02C5]               :.loop_a
mem_manager.dasm        (line 179): [0x02C5] 7C22 030D       add b, page_header_start
mem_manager.dasm        (line 180): [0x02C7] 0132            ife [b], a
mem_manager.dasm        (line 181): [0x02C8] 7F81 02D0       set pc, .found_it
mem_manager.dasm        (line 182): [0x02CA] 8132            ife [b], -1
mem_manager.dasm        (line 183): [0x02CB] 7F81 02D9       set pc, .not_owned
mem_manager.dasm        (line 184): [0x02CD] 2421            set b, [b]
mem_manager.dasm        (line 185): [0x02CE] 7F81 02C5       set pc, .loop_a
mem_manager.dasm        (line 186): [0x02D0]               :.found_it
mem_manager.dasm        (line 187): [0x02D0] 7C02 030D       add a, page_header_start
mem_manager.dasm        (line 188): [0x02D2] 2121            set [b], [a]
mem_manager.dasm        (line 189): [0x02D3] 8501            set [a], 0
mem_manager.dasm        (line 190): [0x02D4] 8401            set a, 0
mem_manager.dasm        (line 191): [0x02D5] 7D80 0000       iaq 0
mem_manager.dasm        (line 192): [0x02D7] 6021            set b, pop
mem_manager.dasm        (line 193): [0x02D8] 6381            set pc, pop
mem_manager.dasm        (line 194): [0x02D9]               :.not_owned
mem_manager.dasm        (line 196): [0x02D9] 7C01 0101       set a, err_no_permission
mem_manager.dasm        (line 197): [0x02DB] 7D80 0000       iaq 0
mem_manager.dasm        (line 198): [0x02DD] 6021            set b, pop
mem_manager.dasm        (line 199): [0x02DE] 6381            set pc, pop
mem_manager.dasm        (line 202): [0x02DF]               :fn_clear_page
mem_manager.dasm        (line 203): [0x02DF] 1B01            set push, i
mem_manager.dasm        (line 204): [0x02E0] 1F01            set push, j
mem_manager.dasm        (line 205): [0x02E1] 7D80 0001       iaq 1
mem_manager.dasm        (line 206): [0x02E3] A80F            shl a, 9
mem_manager.dasm        (line 207): [0x02E4] 00C1            set i, a
mem_manager.dasm        (line 208): [0x02E5] 7C02 0200       add a, 512
mem_manager.dasm        (line 209): [0x02E7]               :.loop_a
mem_manager.dasm        (line 210): [0x02E7] 85DE            sti [i], 0
mem_manager.dasm        (line 211): [0x02E8] 85DE            sti [i], 0
mem_manager.dasm        (line 212): [0x02E9] 85DE            sti [i], 0
mem_manager.dasm        (line 213): [0x02EA] 85DE            sti [i], 0
mem_manager.dasm        (line 214): [0x02EB] 85DE            sti [i], 0
mem_manager.dasm        (line 215): [0x02EC] 85DE            sti [i], 0
mem_manager.dasm        (line 216): [0x02ED] 85DE            sti [i], 0
mem_manager.dasm        (line 217): [0x02EE] 85DE            sti [i], 0
mem_manager.dasm        (line 218): [0x02EE] 85DE            sti [i], 0
mem_manager.dasm        (line 219): [0x02EF] 85DE            sti [i], 0
mem_manager.dasm        (line 220): [0x02F0] 85DE            sti [i], 0
mem_manager.dasm        (line 221): [0x02F1] 85DE            sti [i], 0
mem_manager.dasm        (line 222): [0x02F2] 85DE            sti [i], 0
mem_manager.dasm        (line 223): [0x02F2] 85DE            sti [i], 0
mem_manager.dasm        (line 224): [0x02F2] 85DE            sti [i], 0
mem_manager.dasm        (line 225): [0x02F3] 85DE            sti [i], 0
mem_manager.dasm        (line 226): [0x02F4] 00D3            ifn i, a
mem_manager.dasm        (line 227): [0x02F5] 7F81 02E7       set pc, .loop_a
mem_manager.dasm        (line 228): [0x02F7] 7D80 0000       iaq 0
mem_manager.dasm        (line 229): [0x02F9] 60E1            set j, pop
mem_manager.dasm        (line 230): [0x02FA] 60C1            set i, pop
mem_manager.dasm        (line 231): [0x02FB] 6381            set pc, pop
mem_manager.dasm        (line 234): [0x02FC]               :fn_copy_page
mem_manager.dasm        (line 235): [0x02FC] 1B01            set push, i
mem_manager.dasm        (line 236): [0x02FD] 1F01            set push, j
mem_manager.dasm        (line 237): [0x02FE] 7D80 0001       iaq 1
mem_manager.dasm        (line 238): [0x02FF] A80F            shl a, 9
mem_manager.dasm        (line 239): [0x02FF] A82F            shl b, 9
mem_manager.dasm        (line 240): [0x02FF] 00C1            set i, a
mem_manager.dasm        (line 241): [0x02FF] 04E1            set j, b
mem_manager.dasm        (line 242): [0x02FF] 7C02 0200       add a, 512
mem_manager.dasm        (line 243): [0x0301]               :.loop_a
mem_manager.dasm        (line 244): [0x0300] 3DDE            sti [i], [j]
mem_manager.dasm        (line 245): [0x0301] 3DDE            sti [i], [j]
mem_manager.dasm        (line 246): [0x0302] 3DDE            sti [i], [j]
mem_manager.dasm        (line 247): [0x0303] 3DDE            sti [i], [j]
mem_manager.dasm        (line 248): [0x0303] 3DDE            sti [i], [j]
mem_manager.dasm        (line 249): [0x0303] 3DDE            sti [i], [j]
mem_manager.dasm        (line 250): [0x0304] 3DDE            sti [i], [j]
mem_manager.dasm        (line 251): [0x0305] 3DDE            sti [i], [j]
mem_manager.dasm        (line 252): [0x0306] 3DDE            sti [i], [j]
mem_manager.dasm        (line 253): [0x0306] 3DDE            sti [i], [j]
mem_manager.dasm        (line 254): [0x0307] 3DDE            sti [i], [j]
mem_manager.dasm        (line 255): [0x0308] 3DDE            sti [i], [j]
mem_manager.dasm        (line 256): [0x0308] 3DDE            sti [i], [j]
mem_manager.dasm        (line 257): [0x0308] 3DDE            sti [i], [j]
mem_manager.dasm        (line 258): [0x0308] 3DDE            sti [i], [j]
mem_manager.dasm        (line 259): [0x0308] 3DDE            sti [i], [j]
mem_manager.dasm        (line 260): [0x0309] 00D3            ifn i, a
mem_manager.dasm        (line 261): [0x0309] 7F81 0301       set pc, .loop_a
mem_manager.dasm        (line 262): [0x030B] 7D80 0000       iaq 0
mem_manager.dasm        (line 263): [0x030D] 60E1            set j, pop
mem_manager.dasm        (line 264): [0x030D] 60C1            set i, pop
mem_manager.dasm        (line 265): [0x030E] 6381            set pc, pop
mem_manager.dasm        (line 268): [0x030D]               :page_header_start
mem_manager.dasm        (line 269): [0x030C] 0000 0000 0000 0000 0000 0000 0000 0000 0000 0000 0000 0000 0000 0000 0000 0000 0000 0000 0000 0000 0000 0000 0000 0000 0000 0000 0000 0000 0000 0000 0000 0000 0000 0000 0000 0000 0000 0000 0000 0000 0000 0000 0000 0000 0000 0000 0000 0000 0000 0000 0000 0000 0000 0000 0000 0000 0000 0000 0000 0000 0000 0000 0000 0000 0000 0000 0000 0000 0000 0000 0000 0000 0000 0000 0000 0000 0000 0000 0000 0000 0000 0000 0000 0000 0000 0000 0000 0000 0000 0000 0000 0000 0000 0000 0000 0000 0000 0000 0000 0000 0000 0000 0000 0000 0000 0000 0000 0000 0000 0000 0000 0000 0000 0000 0000 0000 0000 0000 0000 0000 0000 0000 0000 0000 0000 0000 0000 0000#reserve 128
mem_manager.dasm        (line 271): [0x038B]               :process_first_pages_start
mem_manager.dasm        (line 272): [0x038A] 0000 0000 0000 0000 0000 0000 0000 0000 0000 0000 0000 0000 0000 0000 0000 0000 0000 0000 0000 0000 0000 0000 0000 0000 0000 0000 0000 0000 0000 0000 0000 0000 0000 0000 0000 0000 0000 0000 0000 0000 0000 0000 0000 0000 0000 0000 0000 0000 0000 0000 0000 0000 0000 0000 0000 0000 0000 0000 0000 0000 0000 0000 0000 0000#reserve 64
mem_manager.dasm        (line 274): [0x03CA]               :current_process
mem_manager.dasm        (line 275): [0x03CA]                 .dat 0x0000
mem_manager.dasm        (line 275): [0x03CA]                      0000
../src/kernel/main.dasm (line 14):  [0x0430]               :free_space_start
